<?xml version="1.0" encoding="UTF-8"?>
<!-- Generated by org.testng.reporters.JUnitReportReporter -->
<testsuite hostname="LIN-5CG1469DTC" failures="0" tests="4" name="Runner2.Runner4" time="50.433" errors="0" timestamp="2024-04-02T21:05:40 IST" skipped="0">
  <testcase classname="Runner2.Runner4" name="runScenario" time="11.433"/>
  <testcase classname="Runner2.Runner4" name="runScenario" time="13.064"/>
  <testcase classname="Runner2.Runner4" name="runScenario" time="13.023"/>
  <testcase classname="Runner2.Runner4" name="runScenario" time="12.913"/>
</testsuite> <!-- Runner2.Runner4 -->
