<?xml version="1.0" encoding="UTF-8"?>
<!-- Generated by org.testng.reporters.JUnitReportReporter -->
<testsuite hostname="LIN-5CG1469DTC" failures="0" tests="8" name="StepDefinitions.HomePage" time="18.753" errors="0" timestamp="2024-04-01T15:39:36 IST" skipped="0">
  <testcase classname="StepDefinitions.HomePage" name="i_am_on_the_ixigo_website" time="4.276"/>
  <testcase classname="StepDefinitions.HomePage" name="i_click_on_more" time="5.117"/>
  <testcase classname="StepDefinitions.HomePage" name="i_click_on_plan" time="3.147"/>
  <testcase classname="StepDefinitions.HomePage" name="it_will_redirect_to_the_plan_page" time="0.003"/>
  <testcase classname="StepDefinitions.HomePage" name="i_click_on_group_booking" time="3.104"/>
  <testcase classname="StepDefinitions.HomePage" name="it_will_redirect_to_the_group_booking_page" time="0.001"/>
  <testcase classname="StepDefinitions.HomePage" name="i_click_on_book_visa" time="3.105"/>
  <testcase classname="StepDefinitions.HomePage" name="it_will_redirect_to_the_book_visa_page" time="0.000"/>
</testsuite> <!-- StepDefinitions.HomePage -->
