<?xml version="1.0" encoding="UTF-8"?>
<!-- Generated by org.testng.reporters.JUnitReportReporter -->
<testsuite hostname="LIN-5CG1469DTC" failures="0" tests="4" name="Runner2.Runner4" time="40.930" errors="0" timestamp="2024-04-02T10:34:24 IST" skipped="0">
  <testcase classname="Runner2.Runner4" name="runScenario" time="7.806"/>
  <testcase classname="Runner2.Runner4" name="runScenario" time="10.960"/>
  <testcase classname="Runner2.Runner4" name="runScenario" time="11.101"/>
  <testcase classname="Runner2.Runner4" name="runScenario" time="11.063"/>
</testsuite> <!-- Runner2.Runner4 -->
